This is pdfTeX, Version 3.1415926-2.4-1.40.13 (MiKTeX 2.9) (preloaded format=pdflatex 2013.9.13)  15 DEC 2013 20:04
entering extended mode
**main.tex
(C:\github\tdt4501\report\main.tex
LaTeX2e <2011/06/27>
Babel <v3.8m> and hyphenation patterns for english, afrikaans, ancientgreek, ar
abic, armenian, assamese, basque, bengali, bokmal, bulgarian, catalan, coptic, 
croatian, czech, danish, dutch, esperanto, estonian, farsi, finnish, french, ga
lician, german, german-x-2012-05-30, greek, gujarati, hindi, hungarian, iceland
ic, indonesian, interlingua, irish, italian, kannada, kurmanji, latin, latvian,
 lithuanian, malayalam, marathi, mongolian, mongolianlmc, monogreek, ngerman, n
german-x-2012-05-30, nynorsk, oriya, panjabi, pinyin, polish, portuguese, roman
ian, russian, sanskrit, serbian, slovak, slovenian, spanish, swedish, swissgerm
an, tamil, telugu, turkish, turkmen, ukenglish, ukrainian, uppersorbian, usengl
ishmax, welsh, loaded.
("C:\Program Files (x86)\MiKTeX 2.9\tex\latex\base\report.cls"
Document Class: report 2007/10/19 v1.4h Standard LaTeX document class
("C:\Program Files (x86)\MiKTeX 2.9\tex\latex\base\size10.clo"
File: size10.clo 2007/10/19 v1.4h Standard LaTeX file (size option)
)
\c@part=\count79
\c@chapter=\count80
\c@section=\count81
\c@subsection=\count82
\c@subsubsection=\count83
\c@paragraph=\count84
\c@subparagraph=\count85
\c@figure=\count86
\c@table=\count87
\abovecaptionskip=\skip41
\belowcaptionskip=\skip42
\bibindent=\dimen102
)
("C:\Program Files (x86)\MiKTeX 2.9\tex\latex\base\inputenc.sty"
Package: inputenc 2008/03/30 v1.1d Input encoding file
\inpenc@prehook=\toks14
\inpenc@posthook=\toks15

("C:\Program Files (x86)\MiKTeX 2.9\tex\latex\base\utf8.def"
File: utf8.def 2008/04/05 v1.1m UTF-8 support for inputenc
Now handling font encoding OML ...
... no UTF-8 mapping file for font encoding OML
Now handling font encoding T1 ...
... processing UTF-8 mapping file for font encoding T1

("C:\Program Files (x86)\MiKTeX 2.9\tex\latex\base\t1enc.dfu"
File: t1enc.dfu 2008/04/05 v1.1m UTF-8 support for inputenc
   defining Unicode char U+00A1 (decimal 161)
   defining Unicode char U+00A3 (decimal 163)
   defining Unicode char U+00AB (decimal 171)
   defining Unicode char U+00BB (decimal 187)
   defining Unicode char U+00BF (decimal 191)
   defining Unicode char U+00C0 (decimal 192)
   defining Unicode char U+00C1 (decimal 193)
   defining Unicode char U+00C2 (decimal 194)
   defining Unicode char U+00C3 (decimal 195)
   defining Unicode char U+00C4 (decimal 196)
   defining Unicode char U+00C5 (decimal 197)
   defining Unicode char U+00C6 (decimal 198)
   defining Unicode char U+00C7 (decimal 199)
   defining Unicode char U+00C8 (decimal 200)
   defining Unicode char U+00C9 (decimal 201)
   defining Unicode char U+00CA (decimal 202)
   defining Unicode char U+00CB (decimal 203)
   defining Unicode char U+00CC (decimal 204)
   defining Unicode char U+00CD (decimal 205)
   defining Unicode char U+00CE (decimal 206)
   defining Unicode char U+00CF (decimal 207)
   defining Unicode char U+00D0 (decimal 208)
   defining Unicode char U+00D1 (decimal 209)
   defining Unicode char U+00D2 (decimal 210)
   defining Unicode char U+00D3 (decimal 211)
   defining Unicode char U+00D4 (decimal 212)
   defining Unicode char U+00D5 (decimal 213)
   defining Unicode char U+00D6 (decimal 214)
   defining Unicode char U+00D8 (decimal 216)
   defining Unicode char U+00D9 (decimal 217)
   defining Unicode char U+00DA (decimal 218)
   defining Unicode char U+00DB (decimal 219)
   defining Unicode char U+00DC (decimal 220)
   defining Unicode char U+00DD (decimal 221)
   defining Unicode char U+00DE (decimal 222)
   defining Unicode char U+00DF (decimal 223)
   defining Unicode char U+00E0 (decimal 224)
   defining Unicode char U+00E1 (decimal 225)
   defining Unicode char U+00E2 (decimal 226)
   defining Unicode char U+00E3 (decimal 227)
   defining Unicode char U+00E4 (decimal 228)
   defining Unicode char U+00E5 (decimal 229)
   defining Unicode char U+00E6 (decimal 230)
   defining Unicode char U+00E7 (decimal 231)
   defining Unicode char U+00E8 (decimal 232)
   defining Unicode char U+00E9 (decimal 233)
   defining Unicode char U+00EA (decimal 234)
   defining Unicode char U+00EB (decimal 235)
   defining Unicode char U+00EC (decimal 236)
   defining Unicode char U+00ED (decimal 237)
   defining Unicode char U+00EE (decimal 238)
   defining Unicode char U+00EF (decimal 239)
   defining Unicode char U+00F0 (decimal 240)
   defining Unicode char U+00F1 (decimal 241)
   defining Unicode char U+00F2 (decimal 242)
   defining Unicode char U+00F3 (decimal 243)
   defining Unicode char U+00F4 (decimal 244)
   defining Unicode char U+00F5 (decimal 245)
   defining Unicode char U+00F6 (decimal 246)
   defining Unicode char U+00F8 (decimal 248)
   defining Unicode char U+00F9 (decimal 249)
   defining Unicode char U+00FA (decimal 250)
   defining Unicode char U+00FB (decimal 251)
   defining Unicode char U+00FC (decimal 252)
   defining Unicode char U+00FD (decimal 253)
   defining Unicode char U+00FE (decimal 254)
   defining Unicode char U+00FF (decimal 255)
   defining Unicode char U+0102 (decimal 258)
   defining Unicode char U+0103 (decimal 259)
   defining Unicode char U+0104 (decimal 260)
   defining Unicode char U+0105 (decimal 261)
   defining Unicode char U+0106 (decimal 262)
   defining Unicode char U+0107 (decimal 263)
   defining Unicode char U+010C (decimal 268)
   defining Unicode char U+010D (decimal 269)
   defining Unicode char U+010E (decimal 270)
   defining Unicode char U+010F (decimal 271)
   defining Unicode char U+0110 (decimal 272)
   defining Unicode char U+0111 (decimal 273)
   defining Unicode char U+0118 (decimal 280)
   defining Unicode char U+0119 (decimal 281)
   defining Unicode char U+011A (decimal 282)
   defining Unicode char U+011B (decimal 283)
   defining Unicode char U+011E (decimal 286)
   defining Unicode char U+011F (decimal 287)
   defining Unicode char U+0130 (decimal 304)
   defining Unicode char U+0131 (decimal 305)
   defining Unicode char U+0132 (decimal 306)
   defining Unicode char U+0133 (decimal 307)
   defining Unicode char U+0139 (decimal 313)
   defining Unicode char U+013A (decimal 314)
   defining Unicode char U+013D (decimal 317)
   defining Unicode char U+013E (decimal 318)
   defining Unicode char U+0141 (decimal 321)
   defining Unicode char U+0142 (decimal 322)
   defining Unicode char U+0143 (decimal 323)
   defining Unicode char U+0144 (decimal 324)
   defining Unicode char U+0147 (decimal 327)
   defining Unicode char U+0148 (decimal 328)
   defining Unicode char U+014A (decimal 330)
   defining Unicode char U+014B (decimal 331)
   defining Unicode char U+0150 (decimal 336)
   defining Unicode char U+0151 (decimal 337)
   defining Unicode char U+0152 (decimal 338)
   defining Unicode char U+0153 (decimal 339)
   defining Unicode char U+0154 (decimal 340)
   defining Unicode char U+0155 (decimal 341)
   defining Unicode char U+0158 (decimal 344)
   defining Unicode char U+0159 (decimal 345)
   defining Unicode char U+015A (decimal 346)
   defining Unicode char U+015B (decimal 347)
   defining Unicode char U+015E (decimal 350)
   defining Unicode char U+015F (decimal 351)
   defining Unicode char U+0160 (decimal 352)
   defining Unicode char U+0161 (decimal 353)
   defining Unicode char U+0162 (decimal 354)
   defining Unicode char U+0163 (decimal 355)
   defining Unicode char U+0164 (decimal 356)
   defining Unicode char U+0165 (decimal 357)
   defining Unicode char U+016E (decimal 366)
   defining Unicode char U+016F (decimal 367)
   defining Unicode char U+0170 (decimal 368)
   defining Unicode char U+0171 (decimal 369)
   defining Unicode char U+0178 (decimal 376)
   defining Unicode char U+0179 (decimal 377)
   defining Unicode char U+017A (decimal 378)
   defining Unicode char U+017B (decimal 379)
   defining Unicode char U+017C (decimal 380)
   defining Unicode char U+017D (decimal 381)
   defining Unicode char U+017E (decimal 382)
   defining Unicode char U+200C (decimal 8204)
   defining Unicode char U+2013 (decimal 8211)
   defining Unicode char U+2014 (decimal 8212)
   defining Unicode char U+2018 (decimal 8216)
   defining Unicode char U+2019 (decimal 8217)
   defining Unicode char U+201A (decimal 8218)
   defining Unicode char U+201C (decimal 8220)
   defining Unicode char U+201D (decimal 8221)
   defining Unicode char U+201E (decimal 8222)
   defining Unicode char U+2030 (decimal 8240)
   defining Unicode char U+2031 (decimal 8241)
   defining Unicode char U+2039 (decimal 8249)
   defining Unicode char U+203A (decimal 8250)
   defining Unicode char U+2423 (decimal 9251)
)
Now handling font encoding OT1 ...
... processing UTF-8 mapping file for font encoding OT1

("C:\Program Files (x86)\MiKTeX 2.9\tex\latex\base\ot1enc.dfu"
File: ot1enc.dfu 2008/04/05 v1.1m UTF-8 support for inputenc
   defining Unicode char U+00A1 (decimal 161)
   defining Unicode char U+00A3 (decimal 163)
   defining Unicode char U+00B8 (decimal 184)
   defining Unicode char U+00BF (decimal 191)
   defining Unicode char U+00C5 (decimal 197)
   defining Unicode char U+00C6 (decimal 198)
   defining Unicode char U+00D8 (decimal 216)
   defining Unicode char U+00DF (decimal 223)
   defining Unicode char U+00E6 (decimal 230)
   defining Unicode char U+00EC (decimal 236)
   defining Unicode char U+00ED (decimal 237)
   defining Unicode char U+00EE (decimal 238)
   defining Unicode char U+00EF (decimal 239)
   defining Unicode char U+00F8 (decimal 248)
   defining Unicode char U+0131 (decimal 305)
   defining Unicode char U+0141 (decimal 321)
   defining Unicode char U+0142 (decimal 322)
   defining Unicode char U+0152 (decimal 338)
   defining Unicode char U+0153 (decimal 339)
   defining Unicode char U+2013 (decimal 8211)
   defining Unicode char U+2014 (decimal 8212)
   defining Unicode char U+2018 (decimal 8216)
   defining Unicode char U+2019 (decimal 8217)
   defining Unicode char U+201C (decimal 8220)
   defining Unicode char U+201D (decimal 8221)
)
Now handling font encoding OMS ...
... processing UTF-8 mapping file for font encoding OMS

("C:\Program Files (x86)\MiKTeX 2.9\tex\latex\base\omsenc.dfu"
File: omsenc.dfu 2008/04/05 v1.1m UTF-8 support for inputenc
   defining Unicode char U+00A7 (decimal 167)
   defining Unicode char U+00B6 (decimal 182)
   defining Unicode char U+00B7 (decimal 183)
   defining Unicode char U+2020 (decimal 8224)
   defining Unicode char U+2021 (decimal 8225)
   defining Unicode char U+2022 (decimal 8226)
)
Now handling font encoding OMX ...
... no UTF-8 mapping file for font encoding OMX
Now handling font encoding U ...
... no UTF-8 mapping file for font encoding U
   defining Unicode char U+00A9 (decimal 169)
   defining Unicode char U+00AA (decimal 170)
   defining Unicode char U+00AE (decimal 174)
   defining Unicode char U+00BA (decimal 186)
   defining Unicode char U+02C6 (decimal 710)
   defining Unicode char U+02DC (decimal 732)
   defining Unicode char U+200C (decimal 8204)
   defining Unicode char U+2026 (decimal 8230)
   defining Unicode char U+2122 (decimal 8482)
   defining Unicode char U+2423 (decimal 9251)
))
("C:\Program Files (x86)\MiKTeX 2.9\tex\latex\graphics\graphicx.sty"
Package: graphicx 1999/02/16 v1.0f Enhanced LaTeX Graphics (DPC,SPQR)

("C:\Program Files (x86)\MiKTeX 2.9\tex\latex\graphics\keyval.sty"
Package: keyval 1999/03/16 v1.13 key=value parser (DPC)
\KV@toks@=\toks16
)
("C:\Program Files (x86)\MiKTeX 2.9\tex\latex\graphics\graphics.sty"
Package: graphics 2009/02/05 v1.0o Standard LaTeX Graphics (DPC,SPQR)

("C:\Program Files (x86)\MiKTeX 2.9\tex\latex\graphics\trig.sty"
Package: trig 1999/03/16 v1.09 sin cos tan (DPC)
)
("C:\Program Files (x86)\MiKTeX 2.9\tex\latex\00miktex\graphics.cfg"
File: graphics.cfg 2007/01/18 v1.5 graphics configuration of teTeX/TeXLive
)
Package graphics Info: Driver file: pdftex.def on input line 91.

("C:\Program Files (x86)\MiKTeX 2.9\tex\latex\pdftex-def\pdftex.def"
File: pdftex.def 2011/05/27 v0.06d Graphics/color for pdfTeX

("C:\Program Files (x86)\MiKTeX 2.9\tex\generic\oberdiek\infwarerr.sty"
Package: infwarerr 2010/04/08 v1.3 Providing info/warning/error messages (HO)
)
("C:\Program Files (x86)\MiKTeX 2.9\tex\generic\oberdiek\ltxcmds.sty"
Package: ltxcmds 2011/11/09 v1.22 LaTeX kernel commands for general use (HO)
)
\Gread@gobject=\count88
))
\Gin@req@height=\dimen103
\Gin@req@width=\dimen104
)
(C:\Users\Kenneth\AppData\Roaming\MiKTeX\2.9\tex\latex\nomencl\nomencl.sty
Package: nomencl 2005/09/22 v4.2 Nomenclature package (LN)
\nomlabelwidth=\dimen105
\nom@tempdim=\dimen106
\nomitemsep=\skip43
)
("C:\Program Files (x86)\MiKTeX 2.9\tex\latex\base\makeidx.sty"
Package: makeidx 2000/03/29 v1.0m Standard LaTeX package
)
\@nomenclaturefile=\write3

Writing nomenclature file main.nlo
(C:\github\tdt4501\report\main.aux)
LaTeX Font Info:    Checking defaults for OML/cmm/m/it on input line 10.
LaTeX Font Info:    ... okay on input line 10.
LaTeX Font Info:    Checking defaults for T1/cmr/m/n on input line 10.
LaTeX Font Info:    ... okay on input line 10.
LaTeX Font Info:    Checking defaults for OT1/cmr/m/n on input line 10.
LaTeX Font Info:    ... okay on input line 10.
LaTeX Font Info:    Checking defaults for OMS/cmsy/m/n on input line 10.
LaTeX Font Info:    ... okay on input line 10.
LaTeX Font Info:    Checking defaults for OMX/cmex/m/n on input line 10.
LaTeX Font Info:    ... okay on input line 10.
LaTeX Font Info:    Checking defaults for U/cmr/m/n on input line 10.
LaTeX Font Info:    ... okay on input line 10.

(C:\Users\Kenneth\AppData\Roaming\MiKTeX\2.9\tex\context\base\supp-pdf.mkii
[Loading MPS to PDF converter (version 2006.09.02).]
\scratchcounter=\count89
\scratchdimen=\dimen107
\scratchbox=\box26
\nofMPsegments=\count90
\nofMParguments=\count91
\everyMPshowfont=\toks17
\MPscratchCnt=\count92
\MPscratchDim=\dimen108
\MPnumerator=\count93
\makeMPintoPDFobject=\count94
\everyMPtoPDFconversion=\toks18
)
LaTeX Font Info:    External font `cmex10' loaded for size
(Font)              <12> on input line 11.
LaTeX Font Info:    External font `cmex10' loaded for size
(Font)              <8> on input line 11.
LaTeX Font Info:    External font `cmex10' loaded for size
(Font)              <6> on input line 11.
 [1

{C:/Users/Kenneth/AppData/Local/MiKTeX/2.9/pdftex/config/pdftex.map}]
(C:\github\tdt4501\report\main.toc
LaTeX Font Info:    External font `cmex10' loaded for size
(Font)              <7> on input line 2.
LaTeX Font Info:    External font `cmex10' loaded for size
(Font)              <5> on input line 2.
 [1

])
\tf@toc=\write4
 [2] (C:\github\tdt4501\report\main.lof)
\tf@lof=\write5
[3

] (C:\github\tdt4501\report\main.lot)
\tf@lot=\write6
 (C:\github\tdt4501\report\main.nls
[4

]) [5

] [1]
Chapter 1.
(C:\github\tdt4501\report\litterature/litterature.tex [1

] [2

]
(C:\github\tdt4501\report\litterature/interoperability.tex
Chapter 2.
<litterature/images/begin_silo.png, id=35, 527.9725pt x 322.20375pt>
File: litterature/images/begin_silo.png Graphic file (type png)

<use litterature/images/begin_silo.png>
Package pdftex.def Info: litterature/images/begin_silo.png used on input line 8
.
(pdftex.def)             Requested size: 341.43306pt x 208.36308pt.
 [3

] [4 <C:/github/tdt4501/report/litterature/images/begin_silo.png>]
<litterature/images/exhibit1.png, id=44, 797.22844pt x 703.87968pt>
File: litterature/images/exhibit1.png Graphic file (type png)

<use litterature/images/exhibit1.png>
Package pdftex.def Info: litterature/images/exhibit1.png used on input line 41.

(pdftex.def)             Requested size: 341.43306pt x 301.4487pt.

<litterature/images/exhibit2.png, id=45, 775.39688pt x 360.59718pt>
File: litterature/images/exhibit2.png Graphic file (type png)

<use litterature/images/exhibit2.png>
Package pdftex.def Info: litterature/images/exhibit2.png used on input line 47.

(pdftex.def)             Requested size: 341.43306pt x 158.78429pt.

Overfull \hbox (6.63945pt too wide) in paragraph at lines 54--55
[]\OT1/cmr/m/n/10 Machine-interpretable data|transmission of struc-tured mes-sa
ges con-
 []

[5 <C:/github/tdt4501/report/litterature/images/exhibit1.png>])
(C:\github\tdt4501\report\litterature/transition_strategy.tex [6 <C:/github/tdt
4501/report/litterature/images/exhibit2.png>]
Chapter 3.
) (C:\github\tdt4501\report\litterature/health_in_developing_countries.tex
[7

] [8]
Chapter 4.
)) (C:\github\tdt4501\report\empirical/empirical.tex [9

] [10

]
(C:\github\tdt4501\report\empirical/context.tex
Chapter 5.
<empirical/images/context_map_rwanda.png, id=65, 307.1475pt x 315.1775pt>
File: empirical/images/context_map_rwanda.png Graphic file (type png)

<use empirical/images/context_map_rwanda.png>
Package pdftex.def Info: empirical/images/context_map_rwanda.png used on input 
line 4.
(pdftex.def)             Requested size: 341.43306pt x 350.38017pt.

<empirical/images/rwanda_administrative_division.png, id=66, 1089.06876pt x 954
.56625pt>
File: empirical/images/rwanda_administrative_division.png Graphic file (type pn
g)
 <use empirical/images/rwanda_administrative_division.png>
Package pdftex.def Info: empirical/images/rwanda_administrative_division.png us
ed on input line 10.
(pdftex.def)             Requested size: 341.43306pt x 299.26254pt.
LaTeX Font Info:    Try loading font information for OMS+cmr on input line 29.

("C:\Program Files (x86)\MiKTeX 2.9\tex\latex\base\omscmr.fd"
File: omscmr.fd 1999/05/25 v2.5h Standard LaTeX font definitions
)
LaTeX Font Info:    Font shape `OMS/cmr/m/n' in size <10> not available
(Font)              Font shape `OMS/cmsy/m/n' tried instead on input line 29.

Overfull \hbox (9.52837pt too wide) in paragraph at lines 32--33
[]\OT1/cmr/m/n/10 Low lev-els of cor-rup-tion - Zero tol-er-ance (Trans-parency
 in-ter-na-tional Bribery
 []

[11

] [12 <C:/github/tdt4501/report/empirical/images/context_map_rwanda.png>]
[13 <C:/github/tdt4501/report/empirical/images/rwanda_administrative_division.p
ng>]
<empirical/images/internet_penetration_2012.png, id=82, 688.28572pt x 348.73143
pt>
File: empirical/images/internet_penetration_2012.png Graphic file (type png)
 <use empirical/images/internet_penetration_2012.png>
Package pdftex.def Info: empirical/images/internet_penetration_2012.png used on
 input line 58.
(pdftex.def)             Requested size: 341.43306pt x 172.9924pt.

<empirical/images/internet_users_2012.png, id=83, 688.28572pt x 348.73143pt>
File: empirical/images/internet_users_2012.png Graphic file (type png)

<use empirical/images/internet_users_2012.png>
Package pdftex.def Info: empirical/images/internet_users_2012.png used on input
 line 65.
(pdftex.def)             Requested size: 341.43306pt x 172.9924pt.
 [14 <C:/github/tdt4501/report/empirical/images/internet_penetration_2012.png>]
 [15 <C:/github/tdt4501/report/empirical/images/internet_users_2012.png>]
<empirical/images/map_rwanda_population_2013.png, id=92, 1163.0953pt x 706.1381
2pt>
File: empirical/images/map_rwanda_population_2013.png Graphic file (type png)
 <use empirical/images/map_rwanda_population_2013.png>
Package pdftex.def Info: empirical/images/map_rwanda_population_2013.png used o
n input line 133.
(pdftex.def)             Requested size: 341.43306pt x 207.28534pt.
 [16]
<empirical/images/chart_rwanda_population_2013.png, id=96, 994.46532pt x 687.31
781pt>
File: empirical/images/chart_rwanda_population_2013.png Graphic file (type png)

 <use empirical/images/chart_rwanda_population_2013.png>
Package pdftex.def Info: empirical/images/chart_rwanda_population_2013.png used
 on input line 149.
(pdftex.def)             Requested size: 341.43306pt x 235.98175pt.

<empirical/images/pivot_table_example.png, id=97, 1361.085pt x 692.5875pt>
File: empirical/images/pivot_table_example.png Graphic file (type png)

<use empirical/images/pivot_table_example.png>
Package pdftex.def Info: empirical/images/pivot_table_example.png used on input
 line 166.
(pdftex.def)             Requested size: 341.43306pt x 173.73825pt.
 [17 <C:/github/tdt4501/report/empirical/images/map_rwanda_population_2013.png>
] [18 <C:/github/tdt4501/report/empirical/images/chart_rwanda_population_2013.p
ng> <C:/github/tdt4501/report/empirical/images/pivot_table_example.png>] [19])
(C:\github\tdt4501\report\empirical/method.tex [20]
Chapter 6.

LaTeX Warning: Citation `.' on page 21 undefined on input line 26.

[21

]) (C:\github\tdt4501\report\empirical/case.tex [22]
Chapter 7.
<empirical/images/dataflow.png, id=120, 963.6pt x 702.625pt>
File: empirical/images/dataflow.png Graphic file (type png)

<use empirical/images/dataflow.png>
Package pdftex.def Info: empirical/images/dataflow.png used on input line 31.
(pdftex.def)             Requested size: 341.43306pt x 248.95653pt.


LaTeX Warning: Reference `dataflow' on page 23 undefined on input line 36.

[23

] [24 <C:/github/tdt4501/report/empirical/images/dataflow.png>]
<empirical/images/dhix_overview.png, id=129, 578.16pt x 411.5375pt>
File: empirical/images/dhix_overview.png Graphic file (type png)

<use empirical/images/dhix_overview.png>
Package pdftex.def Info: empirical/images/dhix_overview.png used on input line 
51.
(pdftex.def)             Requested size: 341.43306pt x 243.03108pt.

Overfull \hbox (7.7918pt too wide) in paragraph at lines 58--59
[]\OT1/cmr/m/n/10 Contains in-for-ma-tion about per-formed health ser-vices thr
ough-
 []


Overfull \hbox (5.04887pt too wide) in paragraph at lines 59--60
[]\OT1/cmr/m/n/10 HMIS has a ded-i-cated server con-tain-ing in-for-ma-tion abo
ut
 []


Overfull \hbox (2.20044pt too wide) in paragraph at lines 60--61
[]\OT1/cmr/m/n/10 This col-lects data from other DHIS2 in-stances. Data is push
ed
 []

<empirical/images/context.png, id=130, 1903.11pt x 983.675pt>
File: empirical/images/context.png Graphic file (type png)

<use empirical/images/context.png>
Package pdftex.def Info: empirical/images/context.png used on input line 66.
(pdftex.def)             Requested size: 341.43306pt x 176.46848pt.
 [25 <C:/github/tdt4501/report/empirical/images/dhix_overview.png>]
<empirical/images/sentinel_surveliance.png, id=135, 963.6pt x 722.7pt>
File: empirical/images/sentinel_surveliance.png Graphic file (type png)

<use empirical/images/sentinel_surveliance.png>
Package pdftex.def Info: empirical/images/sentinel_surveliance.png used on inpu
t line 84.
(pdftex.def)             Requested size: 341.43306pt x 256.06956pt.
 [26 <C:/github/tdt4501/report/empirical/images/context.png>]
<empirical/images/future_design_rwanda.png, id=140, 963.6pt x 702.625pt>
File: empirical/images/future_design_rwanda.png Graphic file (type png)

<use empirical/images/future_design_rwanda.png>
Package pdftex.def Info: empirical/images/future_design_rwanda.png used on inpu
t line 114.
(pdftex.def)             Requested size: 341.43306pt x 248.95653pt.
 [27 <C:/github/tdt4501/report/empirical/images/sentinel_surveliance.png>]))
(C:\github\tdt4501\report\discussion/discussion.tex [28 <C:/github/tdt4501/repo
rt/empirical/images/future_design_rwanda.png>] [29] [30

])
Chapter 8.
(C:\github\tdt4501\report\bibliography.tex [31

]
Underfull \hbox (badness 10000) in paragraph at lines 9--10
[]\OT1/cmr/m/n/10 http://www.newtimes.co.rw/news/index.php?a=62858&i=15239, \OT
1/cmr/bx/n/10 2013\OT1/cmr/m/n/10 ,
 []


Overfull \hbox (88.97314pt too wide) in paragraph at lines 11--12
[]\OT1/cmr/m/n/10 Jrn Braa and Sun-deep Sa-hay, http://www.mn.uio.no/ifi/engli
sh/research/networks/hisp/hisp-
 []


Underfull \hbox (badness 10000) in paragraph at lines 12--13
[]\OT1/cmr/m/n/10 http://www.mn.uio.no/ifi/english/research/networks/hisp/index
.html,
 []


Underfull \hbox (badness 2326) in paragraph at lines 16--17
[]\OT1/cmr/m/n/10 ISO/IEC 2382-01, \OT1/cmr/m/it/10 In-for-ma-tion Tech-nol-ogy
 Vo-cab-u-lary, Fun-da-men-tal
 []


Underfull \hbox (badness 10000) in paragraph at lines 18--19
[]\OT1/cmr/m/n/10 http://www.whrc.org/education/rwanda/images/rwanda2.png, \OT1
/cmr/bx/n/10 vis-ited
 []


Underfull \hbox (badness 10000) in paragraph at lines 20--21
[]\OT1/cmr/m/n/10 http://en.wikipedia.org/wiki/System[]integration, \OT1/cmr/bx
/n/10 vis-ited 2013\OT1/cmr/m/n/10 ,
 []


Underfull \hbox (badness 10000) in paragraph at lines 23--24
[]\OT1/cmr/m/n/10 http://en.wikipedia.org/wiki/Timeline[]of[]Rwandan[]history, 
\OT1/cmr/bx/n/10 vis-ited
 []

[32

]) (C:\github\tdt4501\report\appendix/appendix.tex [33]
Appendix A.
<appendix/pdf/malaria_reporting_2.pdf, id=166, 556.0775pt x 793.96625pt>
File: appendix/pdf/malaria_reporting_2.pdf Graphic file (type pdf)

<use appendix/pdf/malaria_reporting_2.pdf>
Package pdftex.def Info: appendix/pdf/malaria_reporting_2.pdf used on input lin
e 5.
(pdftex.def)             Requested size: 341.43306pt x 487.50493pt.
) [34

]
Overfull \vbox (70.34268pt too high) has occurred while \output is active []


[35 <C:/github/tdt4501/report/appendix/pdf/malaria_reporting_2.pdf>]
(C:\github\tdt4501\report\main.aux)

LaTeX Warning: There were undefined references.

 ) 
Here is how much of TeX's memory you used:
 1664 strings out of 493921
 24190 string characters out of 3144870
 72844 words of memory out of 3000000
 4903 multiletter control sequences out of 15000+200000
 9453 words of font info for 33 fonts, out of 3000000 for 9000
 841 hyphenation exceptions out of 8191
 27i,6n,20p,1072b,222s stack positions out of 5000i,500n,10000p,200000b,50000s
<C:/Program Files (x86)/MiKTeX 2.9/fonts/type1/public/amsfonts/cm/cmbx10.pfb>
<C:/Program Files (x86)/MiKTeX 2.9/fonts/type1/public/amsfonts/cm/cmbx12.pfb><C
:/Program Files (x86)/MiKTeX 2.9/fonts/type1/public/amsfonts/cm/cmmi10.pfb><C:/
Program Files (x86)/MiKTeX 2.9/fonts/type1/public/amsfonts/cm/cmr10.pfb><C:/Pro
gram Files (x86)/MiKTeX 2.9/fonts/type1/public/amsfonts/cm/cmr12.pfb><C:/Progra
m Files (x86)/MiKTeX 2.9/fonts/type1/public/amsfonts/cm/cmr17.pfb><C:/Program F
iles (x86)/MiKTeX 2.9/fonts/type1/public/amsfonts/cm/cmr7.pfb><C:/Program Files
 (x86)/MiKTeX 2.9/fonts/type1/public/amsfonts/cm/cmsy10.pfb><C:/Program Files (
x86)/MiKTeX 2.9/fonts/type1/public/amsfonts/cm/cmti10.pfb>
Output written on main.pdf (42 pages, 1961730 bytes).
PDF statistics:
 207 PDF objects out of 1000 (max. 8388607)
 0 named destinations out of 1000 (max. 500000)
 81 words of extra memory for PDF output out of 10000 (max. 10000000)

